[2022-03-29][09:49:46][rsawesome::extern_lib::slog::tests][INFO] test 4564564654654654
[2022-03-29][09:49:46][rsawesome::extern_lib::slog::tests][INFO] executing section: 0
[2022-03-29][09:49:46][rsawesome::extern_lib::slog::tests][DEBUG] section 0 1/4 complete.
[2022-03-29][09:49:46][rsawesome::extern_lib::slog::tests][DEBUG] section 0 1/2 complete.
[2022-03-29][09:49:46][rsawesome::extern_lib::slog::tests][DEBUG] section 0 3/4 complete.
[2022-03-29][09:49:46][rsawesome::extern_lib::slog::tests][INFO] section 0 completed!
[2022-03-29][09:49:46][rsawesome::extern_lib::slog::tests][INFO] executing section: 1
[2022-03-29][09:49:46][rsawesome::extern_lib::slog::tests][DEBUG] section 1 1/4 complete.
[2022-03-29][09:49:46][rsawesome::extern_lib::slog::tests][DEBUG] section 1 1/2 complete.
[2022-03-29][09:49:46][rsawesome::extern_lib::slog::tests][DEBUG] section 1 3/4 complete.
[2022-03-29][09:49:46][rsawesome::extern_lib::slog::tests][INFO] section 1 completed!
[2022-03-29][09:49:46][rsawesome::extern_lib::slog::tests][INFO] executing section: 2
[2022-03-29][09:49:46][rsawesome::extern_lib::slog::tests][DEBUG] section 2 1/4 complete.
[2022-03-29][09:49:46][rsawesome::extern_lib::slog::tests][DEBUG] section 2 1/2 complete.
[2022-03-29][09:49:46][rsawesome::extern_lib::slog::tests][DEBUG] section 2 3/4 complete.
[2022-03-29][09:49:46][rsawesome::extern_lib::slog::tests][INFO] section 2 completed!
[2022-03-29][09:49:46][rsawesome::extern_lib::slog::tests][INFO] executing section: 3
[2022-03-29][09:49:46][rsawesome::extern_lib::slog::tests][DEBUG] section 3 1/4 complete.
[2022-03-29][09:49:46][rsawesome::extern_lib::slog::tests][DEBUG] section 3 1/2 complete.
[2022-03-29][09:49:46][rsawesome::extern_lib::slog::tests][DEBUG] section 3 3/4 complete.
[2022-03-29][09:49:46][rsawesome::extern_lib::slog::tests][INFO] section 3 completed!
[2022-03-29][09:49:46][rsawesome::extern_lib::slog::tests][INFO] executing section: 4
[2022-03-29][09:49:46][rsawesome::extern_lib::slog::tests][DEBUG] section 4 1/4 complete.
[2022-03-29][09:49:46][rsawesome::extern_lib::slog::tests][DEBUG] section 4 1/2 complete.
[2022-03-29][09:49:46][rsawesome::extern_lib::slog::tests][DEBUG] section 4 3/4 complete.
[2022-03-29][09:49:46][rsawesome::extern_lib::slog::tests][INFO] section 4 completed!
[2022-03-29 09:50:46][INFO][rsawesome::extern_lib::slog::tests] test 4564564654654654
[2022-03-29 09:50:46][INFO][rsawesome::extern_lib::slog::tests] executing section: 0
[2022-03-29 09:50:46][DEBUG][rsawesome::extern_lib::slog::tests] section 0 1/4 complete.
[2022-03-29 09:50:46][DEBUG][rsawesome::extern_lib::slog::tests] section 0 1/2 complete.
[2022-03-29 09:50:46][DEBUG][rsawesome::extern_lib::slog::tests] section 0 3/4 complete.
[2022-03-29 09:50:46][INFO][rsawesome::extern_lib::slog::tests] section 0 completed!
[2022-03-29 09:50:46][INFO][rsawesome::extern_lib::slog::tests] executing section: 1
[2022-03-29 09:50:46][DEBUG][rsawesome::extern_lib::slog::tests] section 1 1/4 complete.
[2022-03-29 09:50:46][DEBUG][rsawesome::extern_lib::slog::tests] section 1 1/2 complete.
[2022-03-29 09:50:46][DEBUG][rsawesome::extern_lib::slog::tests] section 1 3/4 complete.
[2022-03-29 09:50:46][INFO][rsawesome::extern_lib::slog::tests] section 1 completed!
[2022-03-29 09:50:46][INFO][rsawesome::extern_lib::slog::tests] executing section: 2
[2022-03-29 09:50:46][DEBUG][rsawesome::extern_lib::slog::tests] section 2 1/4 complete.
[2022-03-29 09:50:46][DEBUG][rsawesome::extern_lib::slog::tests] section 2 1/2 complete.
[2022-03-29 09:50:46][DEBUG][rsawesome::extern_lib::slog::tests] section 2 3/4 complete.
[2022-03-29 09:50:46][INFO][rsawesome::extern_lib::slog::tests] section 2 completed!
[2022-03-29 09:50:46][INFO][rsawesome::extern_lib::slog::tests] executing section: 3
[2022-03-29 09:50:46][DEBUG][rsawesome::extern_lib::slog::tests] section 3 1/4 complete.
[2022-03-29 09:50:46][DEBUG][rsawesome::extern_lib::slog::tests] section 3 1/2 complete.
[2022-03-29 09:50:46][DEBUG][rsawesome::extern_lib::slog::tests] section 3 3/4 complete.
[2022-03-29 09:50:46][INFO][rsawesome::extern_lib::slog::tests] section 3 completed!
[2022-03-29 09:50:46][INFO][rsawesome::extern_lib::slog::tests] executing section: 4
[2022-03-29 09:50:46][DEBUG][rsawesome::extern_lib::slog::tests] section 4 1/4 complete.
[2022-03-29 09:50:46][DEBUG][rsawesome::extern_lib::slog::tests] section 4 1/2 complete.
[2022-03-29 09:50:46][DEBUG][rsawesome::extern_lib::slog::tests] section 4 3/4 complete.
[2022-03-29 09:50:46][INFO][rsawesome::extern_lib::slog::tests] section 4 completed!
